[INFO] Scanning for projects...
[INFO] 
[INFO] ------------------------------< team:api >------------------------------
[INFO] Building api 0.0.1-SNAPSHOT
[INFO]   from pom.xml
[INFO] --------------------------------[ jar ]---------------------------------
[INFO] 
[INFO] >>> spring-boot:3.2.4:run (default-cli) > test-compile @ api >>>
[INFO] 
[INFO] --- resources:3.3.1:resources (default-resources) @ api ---
[INFO] Copying 1 resource from src/main/resources to target/classes
[INFO] Copying 1 resource from src/main/resources to target/classes
[INFO] 
[INFO] --- compiler:3.11.0:compile (default-compile) @ api ---
[INFO] Nothing to compile - all classes are up to date
[INFO] 
[INFO] --- resources:3.3.1:testResources (default-testResources) @ api ---
[INFO] skip non existing resourceDirectory /Users/nguyenhoangduong/webphim/Backe/api/src/test/resources
[INFO] 
[INFO] --- compiler:3.11.0:testCompile (default-testCompile) @ api ---
[INFO] Nothing to compile - all classes are up to date
[INFO] 
[INFO] <<< spring-boot:3.2.4:run (default-cli) < test-compile @ api <<<
[INFO] 
[INFO] 
[INFO] --- spring-boot:3.2.4:run (default-cli) @ api ---
[INFO] Attaching agents: []

  .   ____          _            __ _ _
 /\\ / ___'_ __ _ _(_)_ __  __ _ \ \ \ \
( ( )\___ | '_ | '_| | '_ \/ _` | \ \ \ \
 \\/  ___)| |_)| | | | | || (_| |  ) ) ) )
  '  |____| .__|_| |_|_| |_\__, | / / / /
 =========|_|==============|___/=/_/_/_/
 :: Spring Boot ::                (v3.2.4)

2026-02-25T22:44:13.539+07:00  INFO 80518 --- [api] [           main] team.api.ApiApplication                  : Starting ApiApplication using Java 21.0.9 with PID 80518 (/Users/nguyenhoangduong/webphim/Backe/api/target/classes started by nguyenhoangduong in /Users/nguyenhoangduong/webphim/Backe/api)
2026-02-25T22:44:13.540+07:00  INFO 80518 --- [api] [           main] team.api.ApiApplication                  : No active profile set, falling back to 1 default profile: "default"
2026-02-25T22:44:13.819+07:00  INFO 80518 --- [api] [           main] .s.d.r.c.RepositoryConfigurationDelegate : Bootstrapping Spring Data JPA repositories in DEFAULT mode.
2026-02-25T22:44:13.830+07:00  INFO 80518 --- [api] [           main] .s.d.r.c.RepositoryConfigurationDelegate : Finished Spring Data repository scanning in 6 ms. Found 0 JPA repository interfaces.
2026-02-25T22:44:14.070+07:00  INFO 80518 --- [api] [           main] o.s.b.w.embedded.tomcat.TomcatWebServer  : Tomcat initialized with port 8080 (http)
2026-02-25T22:44:14.077+07:00  INFO 80518 --- [api] [           main] o.apache.catalina.core.StandardService   : Starting service [Tomcat]
2026-02-25T22:44:14.077+07:00  INFO 80518 --- [api] [           main] o.apache.catalina.core.StandardEngine    : Starting Servlet engine: [Apache Tomcat/10.1.19]
2026-02-25T22:44:14.107+07:00  INFO 80518 --- [api] [           main] o.a.c.c.C.[Tomcat].[localhost].[/]       : Initializing Spring embedded WebApplicationContext
2026-02-25T22:44:14.107+07:00  INFO 80518 --- [api] [           main] w.s.c.ServletWebServerApplicationContext : Root WebApplicationContext: initialization completed in 550 ms
2026-02-25T22:44:14.204+07:00  INFO 80518 --- [api] [           main] o.hibernate.jpa.internal.util.LogHelper  : HHH000204: Processing PersistenceUnitInfo [name: default]
2026-02-25T22:44:14.239+07:00  INFO 80518 --- [api] [           main] org.hibernate.Version                    : HHH000412: Hibernate ORM core version 6.4.4.Final
2026-02-25T22:44:14.256+07:00  INFO 80518 --- [api] [           main] o.h.c.internal.RegionFactoryInitiator    : HHH000026: Second-level cache disabled
2026-02-25T22:44:14.371+07:00  INFO 80518 --- [api] [           main] o.s.o.j.p.SpringPersistenceUnitInfo      : No LoadTimeWeaver setup: ignoring JPA class transformer
2026-02-25T22:44:14.384+07:00  INFO 80518 --- [api] [           main] com.zaxxer.hikari.HikariDataSource       : HikariPool-1 - Starting...
2026-02-25T22:44:14.495+07:00  INFO 80518 --- [api] [           main] com.zaxxer.hikari.pool.HikariPool        : HikariPool-1 - Added connection com.mysql.cj.jdbc.ConnectionImpl@3751acd7
2026-02-25T22:44:14.496+07:00  INFO 80518 --- [api] [           main] com.zaxxer.hikari.HikariDataSource       : HikariPool-1 - Start completed.
2026-02-25T22:44:14.714+07:00  INFO 80518 --- [api] [           main] o.h.e.t.j.p.i.JtaPlatformInitiator       : HHH000489: No JTA platform available (set 'hibernate.transaction.jta.platform' to enable JTA platform integration)
2026-02-25T22:44:14.716+07:00  INFO 80518 --- [api] [           main] j.LocalContainerEntityManagerFactoryBean : Initialized JPA EntityManagerFactory for persistence unit 'default'
2026-02-25T22:44:14.744+07:00  WARN 80518 --- [api] [           main] JpaBaseConfiguration$JpaWebConfiguration : spring.jpa.open-in-view is enabled by default. Therefore, database queries may be performed during view rendering. Explicitly configure spring.jpa.open-in-view to disable this warning
2026-02-25T22:44:15.290+07:00  WARN 80518 --- [api] [           main] ConfigServletWebServerApplicationContext : Exception encountered during context initialization - cancelling refresh attempt: org.springframework.beans.factory.BeanCreationException: Error creating bean with name 'dataSourceScriptDatabaseInitializer' defined in class path resource [org/springframework/boot/autoconfigure/sql/init/DataSourceInitializationConfiguration.class]: Failed to execute SQL script statement #1 of file [/Users/nguyenhoangduong/webphim/Backe/api/target/classes/data.sql]: INSERT IGNORE INTO movies (movie_id, title, poster_url, banner, genre, duration_minutes, release_date, director, cast_members, age_rating, rating, description, status) VALUES (1, 'MAI', 'https://m.media-amazon.com/images/M/MV5BN2E1ZjNmZDctYzEyMi00YjVjLThlZWEtODYyYWZjYjBiNTI2XkEyXkFqcGc@._V1_FMjpg_UX1000_.jpg', 'https://homepage.momocdn.net/img/momo-upload-api-240412154407-889899.jpg', 'Tâm lý, Tình cảm', 131, '10/02/2024', 'Trấn Thành', 'Phương Anh Đào, Tuấn Trần', 'T18', 7.5, 'Một bộ phim tâm lý xã hội về cuộc đời người phụ nữ tên Mai...', 'showing'), (2, 'DUNE: PART TWO', 'https://image.tmdb.org/t/p/w500/1pdfLvkbY9ohJlCjQH2JGjjc9EW.jpg', 'https://homepage.momocdn.net/img/momo-upload-api-240412154407-889899.jpg', 'Hành động, Viễn tưởng', 166, '01/03/2024', 'Denis Villeneuve', 'Timothée Chalamet, Zendaya', 'T16', 8.8, 'Hành trình trả thù và định mệnh của Paul Atreides.', 'showing'), (3, 'KUNG FU PANDA 4', 'https://image.tmdb.org/t/p/w500/kDp1vUBnMpe8ak4rjgl3cLELqjU.jpg', 'https://homepage.momocdn.net/img/momo-upload-api-240412154407-889899.jpg', 'Hoạt hình, Hài', 94, '08/03/2024', 'Mike Mitchell', 'Jack Black, Awkwafina', 'P', 7.0, 'Gấu Po tái xuất giang hồ...', 'coming'), (4, 'GODZILLA X KONG', 'https://image.tmdb.org/t/p/w500/tMefBSflR6PGQLvLuWfpwn6HVQs.jpg', 'https://homepage.momocdn.net/img/momo-upload-api-240412154407-889899.jpg', 'Hành động, Quái vật', 115, '29/03/2024', 'Adam Wingard', 'Rebecca Hall', 'T13', 6.5, 'Cuộc chiến Titan siêu khủng.', 'coming')
2026-02-25T22:44:15.292+07:00  INFO 80518 --- [api] [           main] j.LocalContainerEntityManagerFactoryBean : Closing JPA EntityManagerFactory for persistence unit 'default'
2026-02-25T22:44:15.294+07:00  INFO 80518 --- [api] [           main] com.zaxxer.hikari.HikariDataSource       : HikariPool-1 - Shutdown initiated...
2026-02-25T22:44:15.302+07:00  INFO 80518 --- [api] [           main] com.zaxxer.hikari.HikariDataSource       : HikariPool-1 - Shutdown completed.
2026-02-25T22:44:15.304+07:00  INFO 80518 --- [api] [           main] o.apache.catalina.core.StandardService   : Stopping service [Tomcat]
2026-02-25T22:44:15.330+07:00  INFO 80518 --- [api] [           main] .s.b.a.l.ConditionEvaluationReportLogger : 

Error starting ApplicationContext. To display the condition evaluation report re-run your application with 'debug' enabled.
2026-02-25T22:44:15.339+07:00 ERROR 80518 --- [api] [           main] o.s.boot.SpringApplication               : Application run failed

org.springframework.beans.factory.BeanCreationException: Error creating bean with name 'dataSourceScriptDatabaseInitializer' defined in class path resource [org/springframework/boot/autoconfigure/sql/init/DataSourceInitializationConfiguration.class]: Failed to execute SQL script statement #1 of file [/Users/nguyenhoangduong/webphim/Backe/api/target/classes/data.sql]: INSERT IGNORE INTO movies (movie_id, title, poster_url, banner, genre, duration_minutes, release_date, director, cast_members, age_rating, rating, description, status) VALUES (1, 'MAI', 'https://m.media-amazon.com/images/M/MV5BN2E1ZjNmZDctYzEyMi00YjVjLThlZWEtODYyYWZjYjBiNTI2XkEyXkFqcGc@._V1_FMjpg_UX1000_.jpg', 'https://homepage.momocdn.net/img/momo-upload-api-240412154407-889899.jpg', 'Tâm lý, Tình cảm', 131, '10/02/2024', 'Trấn Thành', 'Phương Anh Đào, Tuấn Trần', 'T18', 7.5, 'Một bộ phim tâm lý xã hội về cuộc đời người phụ nữ tên Mai...', 'showing'), (2, 'DUNE: PART TWO', 'https://image.tmdb.org/t/p/w500/1pdfLvkbY9ohJlCjQH2JGjjc9EW.jpg', 'https://homepage.momocdn.net/img/momo-upload-api-240412154407-889899.jpg', 'Hành động, Viễn tưởng', 166, '01/03/2024', 'Denis Villeneuve', 'Timothée Chalamet, Zendaya', 'T16', 8.8, 'Hành trình trả thù và định mệnh của Paul Atreides.', 'showing'), (3, 'KUNG FU PANDA 4', 'https://image.tmdb.org/t/p/w500/kDp1vUBnMpe8ak4rjgl3cLELqjU.jpg', 'https://homepage.momocdn.net/img/momo-upload-api-240412154407-889899.jpg', 'Hoạt hình, Hài', 94, '08/03/2024', 'Mike Mitchell', 'Jack Black, Awkwafina', 'P', 7.0, 'Gấu Po tái xuất giang hồ...', 'coming'), (4, 'GODZILLA X KONG', 'https://image.tmdb.org/t/p/w500/tMefBSflR6PGQLvLuWfpwn6HVQs.jpg', 'https://homepage.momocdn.net/img/momo-upload-api-240412154407-889899.jpg', 'Hành động, Quái vật', 115, '29/03/2024', 'Adam Wingard', 'Rebecca Hall', 'T13', 6.5, 'Cuộc chiến Titan siêu khủng.', 'coming')
	at org.springframework.beans.factory.support.AbstractAutowireCapableBeanFactory.initializeBean(AbstractAutowireCapableBeanFactory.java:1786) ~[spring-beans-6.1.5.jar:6.1.5]
	at org.springframework.beans.factory.support.AbstractAutowireCapableBeanFactory.doCreateBean(AbstractAutowireCapableBeanFactory.java:600) ~[spring-beans-6.1.5.jar:6.1.5]
	at org.springframework.beans.factory.support.AbstractAutowireCapableBeanFactory.createBean(AbstractAutowireCapableBeanFactory.java:522) ~[spring-beans-6.1.5.jar:6.1.5]
	at org.springframework.beans.factory.support.AbstractBeanFactory.lambda$doGetBean$0(AbstractBeanFactory.java:326) ~[spring-beans-6.1.5.jar:6.1.5]
	at org.springframework.beans.factory.support.DefaultSingletonBeanRegistry.getSingleton(DefaultSingletonBeanRegistry.java:234) ~[spring-beans-6.1.5.jar:6.1.5]
	at org.springframework.beans.factory.support.AbstractBeanFactory.doGetBean(AbstractBeanFactory.java:324) ~[spring-beans-6.1.5.jar:6.1.5]
	at org.springframework.beans.factory.support.AbstractBeanFactory.getBean(AbstractBeanFactory.java:200) ~[spring-beans-6.1.5.jar:6.1.5]
	at org.springframework.beans.factory.support.AbstractBeanFactory.doGetBean(AbstractBeanFactory.java:313) ~[spring-beans-6.1.5.jar:6.1.5]
	at org.springframework.beans.factory.support.AbstractBeanFactory.getBean(AbstractBeanFactory.java:200) ~[spring-beans-6.1.5.jar:6.1.5]
	at org.springframework.beans.factory.support.DefaultListableBeanFactory.preInstantiateSingletons(DefaultListableBeanFactory.java:975) ~[spring-beans-6.1.5.jar:6.1.5]
	at org.springframework.context.support.AbstractApplicationContext.finishBeanFactoryInitialization(AbstractApplicationContext.java:962) ~[spring-context-6.1.5.jar:6.1.5]
	at org.springframework.context.support.AbstractApplicationContext.refresh(AbstractApplicationContext.java:624) ~[spring-context-6.1.5.jar:6.1.5]
	at org.springframework.boot.web.servlet.context.ServletWebServerApplicationContext.refresh(ServletWebServerApplicationContext.java:146) ~[spring-boot-3.2.4.jar:3.2.4]
	at org.springframework.boot.SpringApplication.refresh(SpringApplication.java:754) ~[spring-boot-3.2.4.jar:3.2.4]
	at org.springframework.boot.SpringApplication.refreshContext(SpringApplication.java:456) ~[spring-boot-3.2.4.jar:3.2.4]
	at org.springframework.boot.SpringApplication.run(SpringApplication.java:334) ~[spring-boot-3.2.4.jar:3.2.4]
	at org.springframework.boot.SpringApplication.run(SpringApplication.java:1354) ~[spring-boot-3.2.4.jar:3.2.4]
	at org.springframework.boot.SpringApplication.run(SpringApplication.java:1343) ~[spring-boot-3.2.4.jar:3.2.4]
	at team.api.ApiApplication.main(ApiApplication.java:10) ~[classes/:na]
Caused by: org.springframework.jdbc.datasource.init.ScriptStatementFailedException: Failed to execute SQL script statement #1 of file [/Users/nguyenhoangduong/webphim/Backe/api/target/classes/data.sql]: INSERT IGNORE INTO movies (movie_id, title, poster_url, banner, genre, duration_minutes, release_date, director, cast_members, age_rating, rating, description, status) VALUES (1, 'MAI', 'https://m.media-amazon.com/images/M/MV5BN2E1ZjNmZDctYzEyMi00YjVjLThlZWEtODYyYWZjYjBiNTI2XkEyXkFqcGc@._V1_FMjpg_UX1000_.jpg', 'https://homepage.momocdn.net/img/momo-upload-api-240412154407-889899.jpg', 'Tâm lý, Tình cảm', 131, '10/02/2024', 'Trấn Thành', 'Phương Anh Đào, Tuấn Trần', 'T18', 7.5, 'Một bộ phim tâm lý xã hội về cuộc đời người phụ nữ tên Mai...', 'showing'), (2, 'DUNE: PART TWO', 'https://image.tmdb.org/t/p/w500/1pdfLvkbY9ohJlCjQH2JGjjc9EW.jpg', 'https://homepage.momocdn.net/img/momo-upload-api-240412154407-889899.jpg', 'Hành động, Viễn tưởng', 166, '01/03/2024', 'Denis Villeneuve', 'Timothée Chalamet, Zendaya', 'T16', 8.8, 'Hành trình trả thù và định mệnh của Paul Atreides.', 'showing'), (3, 'KUNG FU PANDA 4', 'https://image.tmdb.org/t/p/w500/kDp1vUBnMpe8ak4rjgl3cLELqjU.jpg', 'https://homepage.momocdn.net/img/momo-upload-api-240412154407-889899.jpg', 'Hoạt hình, Hài', 94, '08/03/2024', 'Mike Mitchell', 'Jack Black, Awkwafina', 'P', 7.0, 'Gấu Po tái xuất giang hồ...', 'coming'), (4, 'GODZILLA X KONG', 'https://image.tmdb.org/t/p/w500/tMefBSflR6PGQLvLuWfpwn6HVQs.jpg', 'https://homepage.momocdn.net/img/momo-upload-api-240412154407-889899.jpg', 'Hành động, Quái vật', 115, '29/03/2024', 'Adam Wingard', 'Rebecca Hall', 'T13', 6.5, 'Cuộc chiến Titan siêu khủng.', 'coming')
	at org.springframework.jdbc.datasource.init.ScriptUtils.executeSqlScript(ScriptUtils.java:282) ~[spring-jdbc-6.1.5.jar:6.1.5]
	at org.springframework.jdbc.datasource.init.ResourceDatabasePopulator.populate(ResourceDatabasePopulator.java:254) ~[spring-jdbc-6.1.5.jar:6.1.5]
	at org.springframework.jdbc.datasource.init.DatabasePopulatorUtils.execute(DatabasePopulatorUtils.java:54) ~[spring-jdbc-6.1.5.jar:6.1.5]
	at org.springframework.boot.jdbc.init.DataSourceScriptDatabaseInitializer.runScripts(DataSourceScriptDatabaseInitializer.java:87) ~[spring-boot-3.2.4.jar:3.2.4]
	at org.springframework.boot.sql.init.AbstractScriptDatabaseInitializer.runScripts(AbstractScriptDatabaseInitializer.java:146) ~[spring-boot-3.2.4.jar:3.2.4]
	at org.springframework.boot.sql.init.AbstractScriptDatabaseInitializer.applyScripts(AbstractScriptDatabaseInitializer.java:108) ~[spring-boot-3.2.4.jar:3.2.4]
	at org.springframework.boot.sql.init.AbstractScriptDatabaseInitializer.applyDataScripts(AbstractScriptDatabaseInitializer.java:102) ~[spring-boot-3.2.4.jar:3.2.4]
	at org.springframework.boot.sql.init.AbstractScriptDatabaseInitializer.initializeDatabase(AbstractScriptDatabaseInitializer.java:77) ~[spring-boot-3.2.4.jar:3.2.4]
	at org.springframework.boot.sql.init.AbstractScriptDatabaseInitializer.afterPropertiesSet(AbstractScriptDatabaseInitializer.java:66) ~[spring-boot-3.2.4.jar:3.2.4]
	at org.springframework.beans.factory.support.AbstractAutowireCapableBeanFactory.invokeInitMethods(AbstractAutowireCapableBeanFactory.java:1833) ~[spring-beans-6.1.5.jar:6.1.5]
	at org.springframework.beans.factory.support.AbstractAutowireCapableBeanFactory.initializeBean(AbstractAutowireCapableBeanFactory.java:1782) ~[spring-beans-6.1.5.jar:6.1.5]
	... 18 common frames omitted
Caused by: java.sql.SQLSyntaxErrorException: Unknown column 'banner' in 'field list'
	at com.mysql.cj.jdbc.exceptions.SQLError.createSQLException(SQLError.java:112) ~[mysql-connector-j-9.5.0.jar:9.5.0]
	at com.mysql.cj.jdbc.exceptions.SQLExceptionsMapping.translateException(SQLExceptionsMapping.java:114) ~[mysql-connector-j-9.5.0.jar:9.5.0]
	at com.mysql.cj.jdbc.StatementImpl.executeInternal(StatementImpl.java:837) ~[mysql-connector-j-9.5.0.jar:9.5.0]
	at com.mysql.cj.jdbc.StatementImpl.execute(StatementImpl.java:685) ~[mysql-connector-j-9.5.0.jar:9.5.0]
	at com.zaxxer.hikari.pool.ProxyStatement.execute(ProxyStatement.java:94) ~[HikariCP-5.0.1.jar:na]
	at com.zaxxer.hikari.pool.HikariProxyStatement.execute(HikariProxyStatement.java) ~[HikariCP-5.0.1.jar:na]
	at org.springframework.jdbc.datasource.init.ScriptUtils.executeSqlScript(ScriptUtils.java:261) ~[spring-jdbc-6.1.5.jar:6.1.5]
	... 28 common frames omitted

[INFO] ------------------------------------------------------------------------
[INFO] BUILD FAILURE
[INFO] ------------------------------------------------------------------------
[INFO] Total time:  3.121 s
[INFO] Finished at: 2026-02-25T22:44:15+07:00
[INFO] ------------------------------------------------------------------------
[ERROR] Failed to execute goal org.springframework.boot:spring-boot-maven-plugin:3.2.4:run (default-cli) on project api: Process terminated with exit code: 1 -> [Help 1]
[ERROR] 
[ERROR] To see the full stack trace of the errors, re-run Maven with the -e switch.
[ERROR] Re-run Maven using the -X switch to enable full debug logging.
[ERROR] 
[ERROR] For more information about the errors and possible solutions, please read the following articles:
[ERROR] [Help 1] http://cwiki.apache.org/confluence/display/MAVEN/MojoExecutionException
